<?xml version="1.0" encoding="UTF-8"?>
<testng-results ignored="0" total="3" passed="2" failed="1" skipped="0">
  <reporter-output>
  </reporter-output>
  <suite started-at="2025-06-23T02:52:59 EEST" name="Functional Suite" finished-at="2025-06-23T02:55:03 EEST" duration-ms="123435">
    <groups>
    </groups>
    <test started-at="2025-06-23T02:52:59 EEST" name="Functional Test on edge" finished-at="2025-06-23T02:55:03 EEST" duration-ms="123435">
      <class name="Tests.TC2_AddingItemsToCart">
        <test-method is-config="true" signature="setup()[pri:0, instance:Tests.TC2_AddingItemsToCart@4930539b]" started-at="2025-06-23T02:53:44 EEST" name="setup" finished-at="2025-06-23T02:54:01 EEST" duration-ms="17214" status="PASS">
          <reporter-output>
          </reporter-output>
        </test-method> <!-- setup -->
        <test-method signature="Add_Item_to_cart_TC()[pri:0, instance:Tests.TC2_AddingItemsToCart@4930539b]" started-at="2025-06-23T02:54:01 EEST" name="Add_Item_to_cart_TC" finished-at="2025-06-23T02:54:15 EEST" duration-ms="13890" status="PASS">
          <reporter-output>
          </reporter-output>
        </test-method> <!-- Add_Item_to_cart_TC -->
        <test-method is-config="true" signature="quit()[pri:0, instance:Tests.TC2_AddingItemsToCart@4930539b]" started-at="2025-06-23T02:54:15 EEST" name="quit" finished-at="2025-06-23T02:54:19 EEST" duration-ms="3430" status="PASS">
          <reporter-output>
          </reporter-output>
        </test-method> <!-- quit -->
      </class> <!-- Tests.TC2_AddingItemsToCart -->
      <class name="Tests.TC1_EnterProductName">
        <test-method is-config="true" signature="setup()[pri:0, instance:Tests.TC1_EnterProductName@14e2e1c3]" started-at="2025-06-23T02:53:00 EEST" name="setup" finished-at="2025-06-23T02:53:21 EEST" duration-ms="21386" status="PASS">
          <reporter-output>
          </reporter-output>
        </test-method> <!-- setup -->
        <test-method signature="InValid_Search_TC1()[pri:0, instance:Tests.TC1_EnterProductName@14e2e1c3]" started-at="2025-06-23T02:53:22 EEST" name="InValid_Search_TC1" finished-at="2025-06-23T02:53:40 EEST" duration-ms="18311" status="FAIL">
          <exception class="java.lang.AssertionError">
            <message>
              <![CDATA['No results message' is not displayed for invalid product search expected [true] but found [false]]]>
            </message>
            <full-stacktrace>
              <![CDATA[java.lang.AssertionError: 'No results message' is not displayed for invalid product search expected [true] but found [false]
at org.testng.Assert.fail(Assert.java:111)
at org.testng.Assert.failNotEquals(Assert.java:1590)
at org.testng.Assert.assertTrue(Assert.java:57)
at Tests.TC1_EnterProductName.InValid_Search_TC1(TC1_EnterProductName.java:75)
at java.base/jdk.internal.reflect.DirectMethodHandleAccessor.invoke(DirectMethodHandleAccessor.java:103)
at java.base/java.lang.reflect.Method.invoke(Method.java:580)
at org.testng.internal.invokers.MethodInvocationHelper.invokeMethod(MethodInvocationHelper.java:141)
at org.testng.internal.invokers.TestInvoker.invokeMethod(TestInvoker.java:687)
at org.testng.internal.invokers.TestInvoker.invokeTestMethod(TestInvoker.java:230)
at org.testng.internal.invokers.MethodRunner.runInSequence(MethodRunner.java:63)
at org.testng.internal.invokers.TestInvoker$MethodInvocationAgent.invoke(TestInvoker.java:995)
at org.testng.internal.invokers.TestInvoker.invokeTestMethods(TestInvoker.java:203)
at org.testng.internal.invokers.TestMethodWorker.invokeTestMethods(TestMethodWorker.java:154)
at org.testng.internal.invokers.TestMethodWorker.run(TestMethodWorker.java:134)
at java.base/java.util.ArrayList.forEach(ArrayList.java:1596)
at org.testng.TestRunner.privateRun(TestRunner.java:741)
at org.testng.TestRunner.run(TestRunner.java:616)
at org.testng.SuiteRunner.runTest(SuiteRunner.java:421)
at org.testng.SuiteRunner.runSequentially(SuiteRunner.java:413)
at org.testng.SuiteRunner.privateRun(SuiteRunner.java:373)
at org.testng.SuiteRunner.run(SuiteRunner.java:312)
at org.testng.SuiteRunnerWorker.runSuite(SuiteRunnerWorker.java:52)
at org.testng.SuiteRunnerWorker.run(SuiteRunnerWorker.java:95)
at org.testng.TestNG.runSuitesSequentially(TestNG.java:1274)
at org.testng.TestNG.runSuitesLocally(TestNG.java:1208)
at org.testng.TestNG.runSuites(TestNG.java:1112)
at org.testng.TestNG.run(TestNG.java:1079)
at org.apache.maven.surefire.testng.TestNGExecutor.run(TestNGExecutor.java:308)
at org.apache.maven.surefire.testng.TestNGXmlTestSuite.execute(TestNGXmlTestSuite.java:71)
at org.apache.maven.surefire.testng.TestNGProvider.invoke(TestNGProvider.java:113)
at org.apache.maven.surefire.booter.ForkedBooter.runSuitesInProcess(ForkedBooter.java:385)
at org.apache.maven.surefire.booter.ForkedBooter.execute(ForkedBooter.java:162)
at org.apache.maven.surefire.booter.ForkedBooter.run(ForkedBooter.java:507)
at org.apache.maven.surefire.booter.ForkedBooter.main(ForkedBooter.java:495)
]]>
            </full-stacktrace>
          </exception> <!-- java.lang.AssertionError -->
          <reporter-output>
          </reporter-output>
        </test-method> <!-- InValid_Search_TC1 -->
        <test-method is-config="true" signature="quit()[pri:0, instance:Tests.TC1_EnterProductName@14e2e1c3]" started-at="2025-06-23T02:53:40 EEST" name="quit" finished-at="2025-06-23T02:53:44 EEST" duration-ms="3968" status="PASS">
          <reporter-output>
          </reporter-output>
        </test-method> <!-- quit -->
      </class> <!-- Tests.TC1_EnterProductName -->
      <class name="Tests.TC3_CheckoutProcess">
        <test-method is-config="true" signature="setup()[pri:0, instance:Tests.TC3_CheckoutProcess@2f0e7fa8]" started-at="2025-06-23T02:54:19 EEST" name="setup" finished-at="2025-06-23T02:54:40 EEST" duration-ms="21388" status="PASS">
          <reporter-output>
          </reporter-output>
        </test-method> <!-- setup -->
        <test-method signature="Valid_Checkout()[pri:0, instance:Tests.TC3_CheckoutProcess@2f0e7fa8]" started-at="2025-06-23T02:54:40 EEST" name="Valid_Checkout" finished-at="2025-06-23T02:55:03 EEST" duration-ms="22445" status="PASS">
          <reporter-output>
          </reporter-output>
        </test-method> <!-- Valid_Checkout -->
      </class> <!-- Tests.TC3_CheckoutProcess -->
    </test> <!-- Functional Test on edge -->
  </suite> <!-- Functional Suite -->
</testng-results>
