<?xml version="1.0" encoding="UTF-8"?>
<!-- Generated by org.testng.reporters.JUnitXMLReporter -->
<testsuite ignored="0" hostname="DESKTOP-O54SLV8" failures="1" tests="3" name="Functional Test on Chrome" time="70.703" errors="0" timestamp="2025-06-21T20:39:22 EEST">
  <testcase classname="Tests.TC1_EnterProductName" name="InValid_Search_TC1" time="13.244">
    <failure type="java.lang.AssertionError" message="&amp;apos;No results message&amp;apos; is not displayed for invalid product search expected [true] but found [false]">
      <![CDATA[java.lang.AssertionError: 'No results message' is not displayed for invalid product search expected [true] but found [false]
at Tests.TC1_EnterProductName.InValid_Search_TC1(TC1_EnterProductName.java:74)
at java.base/java.util.ArrayList.forEach(ArrayList.java:1596)
... Removed 32 stack frames]]>
    </failure>
  </testcase> <!-- InValid_Search_TC1 -->
  <testcase classname="Tests.TC2_AddingItemsToCart" name="Add_Item_to_cart_TC" time="9.426"/>
  <testcase classname="Tests.TC3_CheckoutProcess" name="Valid_Checkout" time="22.731"/>
</testsuite> <!-- Functional Test on Chrome -->
